{"/Users/brianhogan/dev/edu-102-ts-code/samples/age-estimation/src/workflows.ts": {"path":"/Users/brianhogan/dev/edu-102-ts-code/samples/age-estimation/src/workflows.ts","statementMap":{"0":{"start":{"line":1,"column":0},"end":{"line":1,"column":55}},"1":{"start":{"line":5,"column":24},"end":{"line":7,"column":2}},"2":{"start":{"line":11,"column":14},"end":{"line":11,"column":37}},"3":{"start":{"line":12,"column":2},"end":{"line":12,"column":52}},"4":{"start":{"line":10,"column":0},"end":{"line":10,"column":7}}},"fnMap":{"0":{"name":"estimateAgeWorkflow","decl":{"start":{"line":10,"column":22},"end":{"line":10,"column":41}},"loc":{"start":{"line":10,"column":54},"end":{"line":14,"column":1}}}},"branchMap":{},"s":{"0":1,"1":1,"2":0,"3":0,"4":1},"f":{"0":0},"b":{}}
}
